<?xml version="1.0" encoding="UTF-8"?>
<testng-results skipped="1" failed="0" total="1" passed="0">
  <reporter-output>
  </reporter-output>
  <suite name="Default suite" duration-ms="15182" started-at="2018-10-29T14:40:54Z" finished-at="2018-10-29T14:41:09Z">
    <groups>
    </groups>
    <test name="Default test" duration-ms="15182" started-at="2018-10-29T14:40:54Z" finished-at="2018-10-29T14:41:09Z">
      <class name="Project1.Project1.partdetails">
        <test-method status="PASS" signature="presetup()[pri:0, instance:Project1.Project1.partdetails@6e1567f1]" name="presetup" is-config="true" duration-ms="434" started-at="2018-10-29T20:10:54Z" finished-at="2018-10-29T20:10:54Z">
          <reporter-output>
          </reporter-output>
        </test-method> <!-- presetup -->
        <test-method status="FAIL" signature="browser()[pri:0, instance:Project1.Project1.partdetails@6e1567f1]" name="browser" is-config="true" duration-ms="7" started-at="2018-10-29T20:10:54Z" finished-at="2018-10-29T20:10:54Z">
          <exception class="java.lang.NullPointerException">
            <full-stacktrace>
              <![CDATA[java.lang.NullPointerException
	at details.Commonmethod.launchBrowser(Commonmethod.java:211)
	at Project1.Project1.partdetails.browser(partdetails.java:35)
	at sun.reflect.NativeMethodAccessorImpl.invoke0(Native Method)
	at sun.reflect.NativeMethodAccessorImpl.invoke(Unknown Source)
	at sun.reflect.DelegatingMethodAccessorImpl.invoke(Unknown Source)
	at java.lang.reflect.Method.invoke(Unknown Source)
	at org.testng.internal.MethodInvocationHelper.invokeMethod(MethodInvocationHelper.java:80)
	at org.testng.internal.Invoker.invokeConfigurationMethod(Invoker.java:564)
	at org.testng.internal.Invoker.invokeConfigurations(Invoker.java:213)
	at org.testng.internal.Invoker.invokeMethod(Invoker.java:653)
	at org.testng.internal.Invoker.invokeTestMethod(Invoker.java:901)
	at org.testng.internal.Invoker.invokeTestMethods(Invoker.java:1231)
	at org.testng.internal.TestMethodWorker.invokeTestMethods(TestMethodWorker.java:127)
	at org.testng.internal.TestMethodWorker.run(TestMethodWorker.java:111)
	at org.testng.TestRunner.privateRun(TestRunner.java:767)
	at org.testng.TestRunner.run(TestRunner.java:617)
	at org.testng.SuiteRunner.runTest(SuiteRunner.java:334)
	at org.testng.SuiteRunner.runSequentially(SuiteRunner.java:329)
	at org.testng.SuiteRunner.privateRun(SuiteRunner.java:291)
	at org.testng.SuiteRunner.run(SuiteRunner.java:240)
	at org.testng.SuiteRunnerWorker.runSuite(SuiteRunnerWorker.java:52)
	at org.testng.SuiteRunnerWorker.run(SuiteRunnerWorker.java:86)
	at org.testng.TestNG.runSuitesSequentially(TestNG.java:1198)
	at org.testng.TestNG.runSuitesLocally(TestNG.java:1123)
	at org.testng.TestNG.run(TestNG.java:1031)
	at org.testng.remote.AbstractRemoteTestNG.run(AbstractRemoteTestNG.java:114)
	at org.testng.remote.RemoteTestNG.initAndRun(RemoteTestNG.java:251)
	at org.testng.remote.RemoteTestNG.main(RemoteTestNG.java:77)
]]>
            </full-stacktrace>
          </exception> <!-- java.lang.NullPointerException -->
          <reporter-output>
          </reporter-output>
        </test-method> <!-- browser -->
        <test-method status="SKIP" signature="case1()[pri:0, instance:Project1.Project1.partdetails@6e1567f1]" name="case1" duration-ms="3" started-at="2018-10-29T20:11:09Z" finished-at="2018-10-29T20:11:09Z">
          <reporter-output>
          </reporter-output>
        </test-method> <!-- case1 -->
        <test-method status="SKIP" signature="close()[pri:0, instance:Project1.Project1.partdetails@6e1567f1]" name="close" is-config="true" duration-ms="0" started-at="2018-10-29T20:11:09Z" finished-at="2018-10-29T20:11:09Z">
          <reporter-output>
          </reporter-output>
        </test-method> <!-- close -->
        <test-method status="SKIP" signature="cleanup()[pri:0, instance:Project1.Project1.partdetails@6e1567f1]" name="cleanup" is-config="true" duration-ms="0" started-at="2018-10-29T20:11:09Z" finished-at="2018-10-29T20:11:09Z">
          <reporter-output>
          </reporter-output>
        </test-method> <!-- cleanup -->
      </class> <!-- Project1.Project1.partdetails -->
    </test> <!-- Default test -->
  </suite> <!-- Default suite -->
</testng-results>
